<?xml version="1.0" encoding="UTF-8"?>
<testsuite xmlns:xsi="http://www.w3.org/2001/XMLSchema-instance" xsi:noNamespaceSchemaLocation="https://maven.apache.org/surefire/maven-surefire-plugin/xsd/surefire-test-report.xsd" name="com.example.AppTest" time="51.243" tests="3" errors="0" skipped="0" failures="3">
  <properties>
[...]
</properties>
  <testcase name="Testcase1" classname="com.example.AppTest" time="0.029">
    <failure message="C:\Users\SUPREETHA\Downloads.xlsx (The system cannot find the file specified)" type="java.io.FileNotFoundException">java.io.FileNotFoundException: C:\Users\SUPREETHA\Downloads.xlsx (The system cannot find the file specified)
	at com.example.AppTest.Testcase1(AppTest.java:39)
</failure>
    <system-err><![CDATA[SLF4J(W): No SLF4J providers were found.
SLF4J(W): Defaulting to no-operation (NOP) logger implementation
SLF4J(W): See https://www.slf4j.org/codes.html#noProviders for further details.
Apr 26, 2024 5:02:02 PM org.openqa.selenium.devtools.CdpVersionFinder findNearestMatch
WARNING: Unable to find an exact match for CDP version 124, returning the closest version; found: 123; Please update to a Selenium version that supports CDP version 124
]]></system-err>
  </testcase>
  <testcase name="Testcase2" classname="com.example.AppTest" time="25.393">
    <failure message="element click intercepted: Element &lt;div class=&quot;pdp-commerce-format pr-xxs pl-xxs   slick-slide slick-active&quot; data-slick-index=&quot;2&quot; aria-hidden=&quot;false&quot; style=&quot;width: 113px; height: 49.5375px;&quot;&gt;...&lt;/div&gt; is not clickable at point (1028, 654). Other element would receive the click: &lt;button id=&quot;onetrust-pc-btn-handler&quot; class=&quot;cookie-setting-link&quot;&gt;...&lt;/button&gt;&#10;  (Session info: chrome=124.0.6367.62)&#10;Build info: version: &apos;4.19.1&apos;, revision: &apos;abe0ee07dc&apos;&#10;System info: os.name: &apos;Windows 11&apos;, os.arch: &apos;amd64&apos;, os.version: &apos;10.0&apos;, java.version: &apos;21.0.1&apos;&#10;Driver info: org.openqa.selenium.chrome.ChromeDriver&#10;Command: [1a591680ae8555a9a14aa6932b583ada, clickElement {id=f.17FD27E2661D3B58C455225E958DA1AF.d.89AA04E62A723F59615C362333F6CC61.e.450}]&#10;Capabilities {acceptInsecureCerts: false, browserName: chrome, browserVersion: 124.0.6367.62, chrome: {chromedriverVersion: 124.0.6367.91 (51df0e5e17a8..., userDataDir: C:\Users\SUPREE~1\AppData\L...}, fedcm:accounts: true, goog:chromeOptions: {debuggerAddress: localhost:54881}, networkConnectionEnabled: false, pageLoadStrategy: normal, platformName: windows, proxy: Proxy(), se:cdp: ws://localhost:54881/devtoo..., se:cdpVersion: 124.0.6367.62, setWindowRect: true, strictFileInteractability: false, timeouts: {implicit: 0, pageLoad: 300000, script: 30000}, unhandledPromptBehavior: dismiss and notify, webauthn:extension:credBlob: true, webauthn:extension:largeBlob: true, webauthn:extension:minPinLength: true, webauthn:extension:prf: true, webauthn:virtualAuthenticators: true}&#10;Element: [[ChromeDriver: chrome on windows (1a591680ae8555a9a14aa6932b583ada)] -&gt; xpath: //*[@id=&apos;otherAvailFormats&apos;]/div/div/div[3]]&#10;Session ID: 1a591680ae8555a9a14aa6932b583ada" type="org.openqa.selenium.ElementClickInterceptedException"><![CDATA[org.openqa.selenium.ElementClickInterceptedException: 
element click intercepted: Element <div class="pdp-commerce-format pr-xxs pl-xxs   slick-slide slick-active" data-slick-index="2" aria-hidden="false" style="width: 113px; height: 49.5375px;">...</div> is not clickable at point (1028, 654). Other element would receive the click: <button id="onetrust-pc-btn-handler" class="cookie-setting-link">...</button>
  (Session info: chrome=124.0.6367.62)
Build info: version: '4.19.1', revision: 'abe0ee07dc'
System info: os.name: 'Windows 11', os.arch: 'amd64', os.version: '10.0', java.version: '21.0.1'
Driver info: org.openqa.selenium.chrome.ChromeDriver
Command: [1a591680ae8555a9a14aa6932b583ada, clickElement {id=f.17FD27E2661D3B58C455225E958DA1AF.d.89AA04E62A723F59615C362333F6CC61.e.450}]
Capabilities {acceptInsecureCerts: false, browserName: chrome, browserVersion: 124.0.6367.62, chrome: {chromedriverVersion: 124.0.6367.91 (51df0e5e17a8..., userDataDir: C:\Users\SUPREE~1\AppData\L...}, fedcm:accounts: true, goog:chromeOptions: {debuggerAddress: localhost:54881}, networkConnectionEnabled: false, pageLoadStrategy: normal, platformName: windows, proxy: Proxy(), se:cdp: ws://localhost:54881/devtoo..., se:cdpVersion: 124.0.6367.62, setWindowRect: true, strictFileInteractability: false, timeouts: {implicit: 0, pageLoad: 300000, script: 30000}, unhandledPromptBehavior: dismiss and notify, webauthn:extension:credBlob: true, webauthn:extension:largeBlob: true, webauthn:extension:minPinLength: true, webauthn:extension:prf: true, webauthn:virtualAuthenticators: true}
Element: [[ChromeDriver: chrome on windows (1a591680ae8555a9a14aa6932b583ada)] -> xpath: //*[@id='otherAvailFormats']/div/div/div[3]]
Session ID: 1a591680ae8555a9a14aa6932b583ada
	at com.example.AppTest.Testcase2(AppTest.java:75)
]]></failure>
    <system-err><![CDATA[Apr 26, 2024 5:02:10 PM org.openqa.selenium.devtools.CdpVersionFinder findNearestMatch
WARNING: Unable to find an exact match for CDP version 124, returning the closest version; found: 123; Please update to a Selenium version that supports CDP version 124
]]></system-err>
  </testcase>
  <testcase name="Testcase3" classname="com.example.AppTest" time="4.151">
    <failure message="element click intercepted: Element &lt;a class=&quot;ft-icon &quot; href=&quot;https://www.barnesandnoble.com/membership/&quot; onclick=&quot;set_cookie(&apos;footicon_bnmembership_na_icon&apos;);&quot;&gt;...&lt;/a&gt; is not clickable at point (759, 641). Other element would receive the click: &lt;div id=&quot;onetrust-policy-text&quot;&gt;...&lt;/div&gt;&#10;  (Session info: chrome=124.0.6367.62)&#10;Build info: version: &apos;4.19.1&apos;, revision: &apos;abe0ee07dc&apos;&#10;System info: os.name: &apos;Windows 11&apos;, os.arch: &apos;amd64&apos;, os.version: &apos;10.0&apos;, java.version: &apos;21.0.1&apos;&#10;Driver info: org.openqa.selenium.chrome.ChromeDriver&#10;Command: [c637c9a327bf8c5b5046341abc145c0d, clickElement {id=f.BD321417E1338D17C4D27255C5CFEF38.d.59308850DDFC6B12A26CDE196AF64280.e.194}]&#10;Capabilities {acceptInsecureCerts: false, browserName: chrome, browserVersion: 124.0.6367.62, chrome: {chromedriverVersion: 124.0.6367.91 (51df0e5e17a8..., userDataDir: C:\Users\SUPREE~1\AppData\L...}, fedcm:accounts: true, goog:chromeOptions: {debuggerAddress: localhost:55010}, networkConnectionEnabled: false, pageLoadStrategy: normal, platformName: windows, proxy: Proxy(), se:cdp: ws://localhost:55010/devtoo..., se:cdpVersion: 124.0.6367.62, setWindowRect: true, strictFileInteractability: false, timeouts: {implicit: 0, pageLoad: 300000, script: 30000}, unhandledPromptBehavior: dismiss and notify, webauthn:extension:credBlob: true, webauthn:extension:largeBlob: true, webauthn:extension:minPinLength: true, webauthn:extension:prf: true, webauthn:virtualAuthenticators: true}&#10;Element: [[ChromeDriver: chrome on windows (c637c9a327bf8c5b5046341abc145c0d)] -&gt; xpath: //*[@id=&quot;footer&quot;]/div/dd/div/div/div[1]/div/a[5]]&#10;Session ID: c637c9a327bf8c5b5046341abc145c0d" type="org.openqa.selenium.ElementClickInterceptedException"><![CDATA[org.openqa.selenium.ElementClickInterceptedException: 
element click intercepted: Element <a class="ft-icon " href="https://www.barnesandnoble.com/membership/" onclick="set_cookie('footicon_bnmembership_na_icon');">...</a> is not clickable at point (759, 641). Other element would receive the click: <div id="onetrust-policy-text">...</div>
  (Session info: chrome=124.0.6367.62)
Build info: version: '4.19.1', revision: 'abe0ee07dc'
System info: os.name: 'Windows 11', os.arch: 'amd64', os.version: '10.0', java.version: '21.0.1'
Driver info: org.openqa.selenium.chrome.ChromeDriver
Command: [c637c9a327bf8c5b5046341abc145c0d, clickElement {id=f.BD321417E1338D17C4D27255C5CFEF38.d.59308850DDFC6B12A26CDE196AF64280.e.194}]
Capabilities {acceptInsecureCerts: false, browserName: chrome, browserVersion: 124.0.6367.62, chrome: {chromedriverVersion: 124.0.6367.91 (51df0e5e17a8..., userDataDir: C:\Users\SUPREE~1\AppData\L...}, fedcm:accounts: true, goog:chromeOptions: {debuggerAddress: localhost:55010}, networkConnectionEnabled: false, pageLoadStrategy: normal, platformName: windows, proxy: Proxy(), se:cdp: ws://localhost:55010/devtoo..., se:cdpVersion: 124.0.6367.62, setWindowRect: true, strictFileInteractability: false, timeouts: {implicit: 0, pageLoad: 300000, script: 30000}, unhandledPromptBehavior: dismiss and notify, webauthn:extension:credBlob: true, webauthn:extension:largeBlob: true, webauthn:extension:minPinLength: true, webauthn:extension:prf: true, webauthn:virtualAuthenticators: true}
Element: [[ChromeDriver: chrome on windows (c637c9a327bf8c5b5046341abc145c0d)] -> xpath: //*[@id="footer"]/div/dd/div/div/div[1]/div/a[5]]
Session ID: c637c9a327bf8c5b5046341abc145c0d
	at com.example.AppTest.Testcase3(AppTest.java:89)
]]></failure>
    <system-err><![CDATA[Apr 26, 2024 5:02:42 PM org.openqa.selenium.devtools.CdpVersionFinder findNearestMatch
WARNING: Unable to find an exact match for CDP version 124, returning the closest version; found: 123; Please update to a Selenium version that supports CDP version 124
]]></system-err>
  </testcase>
</testsuite>